# JRE version: Java(TM) SE Runtime Environment (11.0.2+9) (build 11.0.2+9-LTS)
# Java VM: Java HotSpot(TM) 64-Bit Server VM (11.0.2+9-LTS, mixed mode, tiered, compressed oops, g1 gc, windows-amd64)
Heap:
 garbage-first heap   total 131072K, used 68682K [0x0000000081c00000, 0x0000000100000000)
  region size 1024K, 61 young (62464K), 3 survivors (3072K)
 Metaspace       used 22212K, capacity 22684K, committed 23088K, reserved 1069056K
  class space    used 2636K, capacity 2821K, committed 2944K, reserved 1048576K
GC Heap History (9 events):
Event: 0.486 GC heap before
{Heap before GC invocations=0 (full 0):
 garbage-first heap   total 131072K, used 14336K [0x0000000081c00000, 0x0000000100000000)
  region size 1024K, 14 young (14336K), 0 survivors (0K)
 Metaspace       used 9744K, capacity 9879K, committed 10240K, reserved 1058816K
  class space    used 861K, capacity 905K, committed 1024K, reserved 1048576K
}
Event: 0.492 GC heap after
{Heap after GC invocations=1 (full 0):
 garbage-first heap   total 131072K, used 6729K [0x0000000081c00000, 0x0000000100000000)
  region size 1024K, 2 young (2048K), 2 survivors (2048K)
 Metaspace       used 9744K, capacity 9879K, committed 10240K, reserved 1058816K
  class space    used 861K, capacity 905K, committed 1024K, reserved 1048576K
}
Event: 0.663 GC heap before
{Heap before GC invocations=1 (full 0):
 garbage-first heap   total 131072K, used 15945K [0x0000000081c00000, 0x0000000100000000)
  region size 1024K, 11 young (11264K), 2 survivors (2048K)
 Metaspace       used 10998K, capacity 11137K, committed 11392K, reserved 1058816K
  class space    used 1017K, capacity 1046K, committed 1152K, reserved 1048576K
}
Event: 0.665 GC heap after
{Heap after GC invocations=2 (full 0):
 garbage-first heap   total 131072K, used 6996K [0x0000000081c00000, 0x0000000100000000)
  region size 1024K, 1 young (1024K), 1 survivors (1024K)
 Metaspace       used 10998K, capacity 11137K, committed 11392K, reserved 1058816K
  class space    used 1017K, capacity 1046K, committed 1152K, reserved 1048576K
}
Event: 1.035 GC heap before
{Heap before GC invocations=2 (full 0):
 garbage-first heap   total 131072K, used 35668K [0x0000000081c00000, 0x0000000100000000)
  region size 1024K, 29 young (29696K), 1 survivors (1024K)
 Metaspace       used 13549K, capacity 13747K, committed 13824K, reserved 1060864K
  class space    used 1483K, capacity 1530K, committed 1536K, reserved 1048576K
}
Event: 1.036 GC heap after
{Heap after GC invocations=3 (full 0):
 garbage-first heap   total 131072K, used 7479K [0x0000000081c00000, 0x0000000100000000)
  region size 1024K, 1 young (1024K), 1 survivors (1024K)
 Metaspace       used 13549K, capacity 13747K, committed 13824K, reserved 1060864K
  class space    used 1483K, capacity 1530K, committed 1536K, reserved 1048576K
}
Event: 2.139 GC heap before
{Heap before GC invocations=3 (full 0):
 garbage-first heap   total 131072K, used 53559K [0x0000000081c00000, 0x0000000100000000)
  region size 1024K, 47 young (48128K), 1 survivors (1024K)
 Metaspace       used 20856K, capacity 21203K, committed 21296K, reserved 1069056K
  class space    used 2518K, capacity 2663K, committed 2688K, reserved 1048576K
}
Event: 2.145 GC heap after
{Heap after GC invocations=4 (full 0):
 garbage-first heap   total 131072K, used 9290K [0x0000000081c00000, 0x0000000100000000)
  region size 1024K, 3 young (3072K), 3 survivors (3072K)
 Metaspace       used 20856K, capacity 21203K, committed 21296K, reserved 1069056K
  class space    used 2518K, capacity 2663K, committed 2688K, reserved 1048576K
}
Event: 34204.945 GC heap before
{Heap before GC invocations=5 (full 0):
 garbage-first heap   total 131072K, used 68682K [0x0000000081c00000, 0x0000000100000000)
  region size 1024K, 61 young (62464K), 3 survivors (3072K)
 Metaspace       used 22212K, capacity 22684K, committed 23088K, reserved 1069056K
  class space    used 2636K, capacity 2821K, committed 2944K, reserved 1048576K
}

